<?xml version="1.0" encoding="UTF-8"?>
<!-- Generated by org.testng.reporters.JUnitXMLReporter -->
<testsuite ignored="1" hostname="DESKTOP-LNEAN4V" failures="1" tests="16" name="BaseClass" time="1193.879" errors="0" timestamp="2021-05-19T11:56:04 IST">
  <testcase classname="testrunner.lightingproject" name="@BeforeMethod setup" time="10.849">
    <failure type="org.openqa.selenium.WebDriverException" message="unknown error: net::ERR_NAME_NOT_RESOLVED
  (Session info: chrome=90.0.4430.212)
Build info: version: &amp;apos;3.141.59&amp;apos;, revision: &amp;apos;e82be7d358&amp;apos;, time: &amp;apos;2018-11-14T08:17:03&amp;apos;
System info: host: &amp;apos;DESKTOP-LNEAN4V&amp;apos;, ip: &amp;apos;169.254.100.231&amp;apos;, os.name: &amp;apos;Windows 10&amp;apos;, os.arch: &amp;apos;amd64&amp;apos;, os.version: &amp;apos;10.0&amp;apos;, java.version: &amp;apos;15.0.2&amp;apos;
Driver info: org.openqa.selenium.chrome.ChromeDriver
Capabilities {acceptInsecureCerts: false, browserName: chrome, browserVersion: 90.0.4430.212, chrome: {chromedriverVersion: 90.0.4430.24 (4c6d850f087da..., userDataDir: C:\Users\NIRANJ~1\AppData\L...}, goog:chromeOptions: {debuggerAddress: localhost:61191}, javascriptEnabled: true, networkConnectionEnabled: false, pageLoadStrategy: normal, platform: WINDOWS, platformName: WINDOWS, proxy: Proxy(), setWindowRect: true, strictFileInteractability: false, timeouts: {implicit: 0, pageLoad: 300000, script: 30000}, unhandledPromptBehavior: dismiss and notify, webauthn:extension:largeBlob: true, webauthn:virtualAuthenticators: true}
Session ID: ff5bc715bfec0fc0917921314c3884e8">
      <![CDATA[org.openqa.selenium.WebDriverException: unknown error: net::ERR_NAME_NOT_RESOLVED
  (Session info: chrome=90.0.4430.212)
Build info: version: '3.141.59', revision: 'e82be7d358', time: '2018-11-14T08:17:03'
System info: host: 'DESKTOP-LNEAN4V', ip: '169.254.100.231', os.name: 'Windows 10', os.arch: 'amd64', os.version: '10.0', java.version: '15.0.2'
Driver info: org.openqa.selenium.chrome.ChromeDriver
Capabilities {acceptInsecureCerts: false, browserName: chrome, browserVersion: 90.0.4430.212, chrome: {chromedriverVersion: 90.0.4430.24 (4c6d850f087da..., userDataDir: C:\Users\NIRANJ~1\AppData\L...}, goog:chromeOptions: {debuggerAddress: localhost:61191}, javascriptEnabled: true, networkConnectionEnabled: false, pageLoadStrategy: normal, platform: WINDOWS, platformName: WINDOWS, proxy: Proxy(), setWindowRect: true, strictFileInteractability: false, timeouts: {implicit: 0, pageLoad: 300000, script: 30000}, unhandledPromptBehavior: dismiss and notify, webauthn:extension:largeBlob: true, webauthn:virtualAuthenticators: true}
Session ID: ff5bc715bfec0fc0917921314c3884e8
at org.openqa.selenium.remote.http.W3CHttpResponseCodec.createException(W3CHttpResponseCodec.java:187)
at org.openqa.selenium.remote.http.W3CHttpResponseCodec.decode(W3CHttpResponseCodec.java:122)
at org.openqa.selenium.remote.http.W3CHttpResponseCodec.decode(W3CHttpResponseCodec.java:49)
at org.openqa.selenium.remote.HttpCommandExecutor.execute(HttpCommandExecutor.java:158)
at org.openqa.selenium.remote.service.DriverCommandExecutor.execute(DriverCommandExecutor.java:83)
at org.openqa.selenium.remote.RemoteWebDriver.execute(RemoteWebDriver.java:552)
at org.openqa.selenium.remote.RemoteWebDriver.get(RemoteWebDriver.java:277)
at Constant1.Baseclass.initialization(Baseclass.java:49)
at testrunner.lightingproject.setup(lightingproject.java:52)
at java.base/java.util.ArrayList.forEach(ArrayList.java:1511)
... Removed 36 stack frames]]>
    </failure>
  </testcase> <!-- @BeforeMethod setup -->
  <testcase classname="testrunner.lightingproject" name="@AfterMethod teardown" time="-1.62140556169E9">
    <skipped/>
  </testcase> <!-- @AfterMethod teardown -->
  <testcase classname="testrunner.lightingproject" name="@BeforeMethod setup" time="-1.621405561693E9">
    <skipped/>
  </testcase> <!-- @BeforeMethod setup -->
  <testcase classname="testrunner.lightingproject" name="@AfterMethod teardown" time="-1.621405561701E9">
    <skipped/>
  </testcase> <!-- @AfterMethod teardown -->
  <testcase classname="testrunner.lightingproject" name="@BeforeMethod setup" time="-1.621405561703E9">
    <skipped/>
  </testcase> <!-- @BeforeMethod setup -->
  <testcase classname="testrunner.lightingproject" name="@AfterMethod teardown" time="-1.621405561708E9">
    <skipped/>
  </testcase> <!-- @AfterMethod teardown -->
  <testcase classname="testrunner.lightingproject" name="@BeforeMethod setup" time="-1.62140556171E9">
    <skipped/>
  </testcase> <!-- @BeforeMethod setup -->
  <testcase classname="testrunner.lightingproject" name="@AfterMethod teardown" time="-1.621405561721E9">
    <skipped/>
  </testcase> <!-- @AfterMethod teardown -->
  <testcase classname="testrunner.lightingproject" name="@BeforeMethod setup" time="-1.621405561723E9">
    <skipped/>
  </testcase> <!-- @BeforeMethod setup -->
  <testcase classname="testrunner.lightingproject" name="@AfterMethod teardown" time="-1.621405561736E9">
    <skipped/>
  </testcase> <!-- @AfterMethod teardown -->
  <testcase classname="testrunner.lightingproject" name="@BeforeMethod setup" time="-1.621405561738E9">
    <skipped/>
  </testcase> <!-- @BeforeMethod setup -->
  <testcase classname="testrunner.lightingproject" name="@AfterMethod teardown" time="-1.62140556175E9">
    <skipped/>
  </testcase> <!-- @AfterMethod teardown -->
  <testcase classname="testrunner.lightingproject" name="@BeforeMethod setup" time="-1.621405561754E9">
    <skipped/>
  </testcase> <!-- @BeforeMethod setup -->
  <testcase classname="testrunner.lightingproject" name="@AfterMethod teardown" time="-1.621405561811E9">
    <skipped/>
  </testcase> <!-- @AfterMethod teardown -->
  <testcase classname="testrunner.lightingproject" name="creteaccount" time="66.57"/>
  <testcase classname="testrunner.lightingproject" name="Login" time="42.105"/>
  <testcase classname="testrunner.lightingproject" name="Verifytitle" time="32.25"/>
  <testcase classname="testrunner.lightingproject" name="Tab" time="78.81">
    <failure type="org.openqa.selenium.ElementClickInterceptedException" message="element click intercepted: Element is not clickable at point (1159, 832)
  (Session info: chrome=90.0.4430.212)
Build info: version: &amp;apos;3.141.59&amp;apos;, revision: &amp;apos;e82be7d358&amp;apos;, time: &amp;apos;2018-11-14T08:17:03&amp;apos;
System info: host: &amp;apos;DESKTOP-LNEAN4V&amp;apos;, ip: &amp;apos;169.254.100.231&amp;apos;, os.name: &amp;apos;Windows 10&amp;apos;, os.arch: &amp;apos;amd64&amp;apos;, os.version: &amp;apos;10.0&amp;apos;, java.version: &amp;apos;15.0.2&amp;apos;
Driver info: org.openqa.selenium.chrome.ChromeDriver
Capabilities {acceptInsecureCerts: false, browserName: chrome, browserVersion: 90.0.4430.212, chrome: {chromedriverVersion: 90.0.4430.24 (4c6d850f087da..., userDataDir: C:\Users\NIRANJ~1\AppData\L...}, goog:chromeOptions: {debuggerAddress: localhost:59815}, javascriptEnabled: true, networkConnectionEnabled: false, pageLoadStrategy: normal, platform: WINDOWS, platformName: WINDOWS, proxy: Proxy(), setWindowRect: true, strictFileInteractability: false, timeouts: {implicit: 0, pageLoad: 300000, script: 30000}, unhandledPromptBehavior: dismiss and notify, webauthn:extension:largeBlob: true, webauthn:virtualAuthenticators: true}
Session ID: f20569a55375571f91a65ecd12257989">
      <![CDATA[org.openqa.selenium.ElementClickInterceptedException: element click intercepted: Element is not clickable at point (1159, 832)
  (Session info: chrome=90.0.4430.212)
Build info: version: '3.141.59', revision: 'e82be7d358', time: '2018-11-14T08:17:03'
System info: host: 'DESKTOP-LNEAN4V', ip: '169.254.100.231', os.name: 'Windows 10', os.arch: 'amd64', os.version: '10.0', java.version: '15.0.2'
Driver info: org.openqa.selenium.chrome.ChromeDriver
Capabilities {acceptInsecureCerts: false, browserName: chrome, browserVersion: 90.0.4430.212, chrome: {chromedriverVersion: 90.0.4430.24 (4c6d850f087da..., userDataDir: C:\Users\NIRANJ~1\AppData\L...}, goog:chromeOptions: {debuggerAddress: localhost:59815}, javascriptEnabled: true, networkConnectionEnabled: false, pageLoadStrategy: normal, platform: WINDOWS, platformName: WINDOWS, proxy: Proxy(), setWindowRect: true, strictFileInteractability: false, timeouts: {implicit: 0, pageLoad: 300000, script: 30000}, unhandledPromptBehavior: dismiss and notify, webauthn:extension:largeBlob: true, webauthn:virtualAuthenticators: true}
Session ID: f20569a55375571f91a65ecd12257989
at org.openqa.selenium.remote.http.W3CHttpResponseCodec.createException(W3CHttpResponseCodec.java:187)
at org.openqa.selenium.remote.http.W3CHttpResponseCodec.decode(W3CHttpResponseCodec.java:122)
at org.openqa.selenium.remote.http.W3CHttpResponseCodec.decode(W3CHttpResponseCodec.java:49)
at org.openqa.selenium.remote.HttpCommandExecutor.execute(HttpCommandExecutor.java:158)
at org.openqa.selenium.remote.service.DriverCommandExecutor.execute(DriverCommandExecutor.java:83)
at org.openqa.selenium.remote.RemoteWebDriver.execute(RemoteWebDriver.java:552)
at org.openqa.selenium.remote.RemoteWebElement.execute(RemoteWebElement.java:285)
at org.openqa.selenium.remote.RemoteWebElement.click(RemoteWebElement.java:84)
at org.openqa.selenium.support.pagefactory.internal.LocatingElementHandler.invoke(LocatingElementHandler.java:51)
at com.sun.proxy.$Proxy13.click(Unknown Source)
at Pages.Tab.Addproduct(Tab.java:64)
at testrunner.lightingproject.Tab(lightingproject.java:97)
at java.base/java.util.ArrayList.forEach(ArrayList.java:1511)
... Removed 36 stack frames]]>
    </failure>
  </testcase> <!-- Tab -->
  <testcase classname="testrunner.lightingproject" name="Specifiproductfilter" time="194.507"/>
  <testcase classname="testrunner.lightingproject" name="Verifyhomepage" time="31.483"/>
  <testcase classname="testrunner.lightingproject" name="Logo" time="0.403"/>
  <testcase classname="testrunner.lightingproject" name="Scrollupdown" time="0.18"/>
  <testcase classname="testrunner.lightingproject" name="Signout" time="54.246"/>
  <testcase classname="testrunner.lightingproject" name="Addcartproduct" time="0.0">
    <skipped/>
  </testcase> <!-- Addcartproduct -->
  <testcase classname="testrunner.lightingproject" name="Value" time="0.0">
    <skipped/>
  </testcase> <!-- Value -->
  <testcase classname="testrunner.lightingproject" name="Removeproduct" time="0.0">
    <skipped/>
  </testcase> <!-- Removeproduct -->
  <testcase classname="testrunner.lightingproject" name="Livechart1" time="0.0">
    <skipped/>
  </testcase> <!-- Livechart1 -->
  <testcase classname="testrunner.lightingproject" name="Livachart" time="0.0">
    <skipped/>
  </testcase> <!-- Livachart -->
  <testcase classname="testrunner.lightingproject" name="Search" time="0.0">
    <skipped/>
  </testcase> <!-- Search -->
  <testcase classname="testrunner.lightingproject" name="filter" time="0.0">
    <skipped/>
  </testcase> <!-- filter -->
  <testcase classname="testrunner.lightingproject" name="Verifyzipcode" time="0.0">
    <ignored/>
  </testcase> <!-- Verifyzipcode -->
</testsuite> <!-- BaseClass -->
